<?xml version="1.0" encoding="UTF-8"?>
<testng-results skipped="0" failed="0" total="1" passed="1">
  <reporter-output>
  </reporter-output>
  <suite name="Default suite" duration-ms="35091" started-at="2022-09-03T20:24:01Z" finished-at="2022-09-03T20:24:36Z">
    <groups>
    </groups>
    <test name="Default test" duration-ms="35091" started-at="2022-09-03T20:24:01Z" finished-at="2022-09-03T20:24:36Z">
      <class name="undostres.Unostres">
        <test-method status="PASS" signature="beforeSuite()[pri:0, instance:undostres.Unostres@1b26f7b2]" name="beforeSuite" is-config="true" duration-ms="1935" started-at="2022-09-04T01:54:01Z" finished-at="2022-09-04T01:54:03Z">
          <reporter-output>
          </reporter-output>
        </test-method> <!-- beforeSuite -->
        <test-method status="PASS" signature="Login()[pri:0, instance:undostres.Unostres@1b26f7b2]" name="Login" is-config="true" duration-ms="3177" started-at="2022-09-04T01:54:03Z" finished-at="2022-09-04T01:54:06Z">
          <reporter-output>
          </reporter-output>
        </test-method> <!-- Login -->
        <test-method status="PASS" signature="commonPage(java.lang.reflect.Method)[pri:0, instance:undostres.Unostres@1b26f7b2]" name="commonPage" is-config="true" duration-ms="20" started-at="2022-09-04T01:54:06Z" finished-at="2022-09-04T01:54:06Z">
          <params>
            <param index="0">
              <value>
                <![CDATA[public void undostres.Unostres.E2E_TC0001() throws java.lang.Throwable]]>
              </value>
            </param>
          </params>
          <reporter-output>
          </reporter-output>
        </test-method> <!-- commonPage -->
        <test-method status="PASS" signature="E2E_TC0001()[pri:0, instance:undostres.Unostres@1b26f7b2]" name="E2E_TC0001" duration-ms="29621" started-at="2022-09-04T01:54:06Z" finished-at="2022-09-04T01:54:36Z">
          <reporter-output>
          </reporter-output>
        </test-method> <!-- E2E_TC0001 -->
        <test-method status="PASS" signature="afterMethod(org.testng.ITestResult)[pri:0, instance:undostres.Unostres@1b26f7b2]" name="afterMethod" is-config="true" duration-ms="328" started-at="2022-09-04T01:54:36Z" finished-at="2022-09-04T01:54:36Z">
          <params>
            <param index="0">
              <value>
                <![CDATA[[TestResult name=E2E_TC0001 status=SUCCESS method=Unostres.E2E_TC0001()[pri:0, instance:undostres.Unostres@1b26f7b2] output={null}]]]>
              </value>
            </param>
          </params>
          <reporter-output>
          </reporter-output>
        </test-method> <!-- afterMethod -->
        <test-method status="PASS" signature="quitDriver()[pri:0, instance:undostres.Unostres@1b26f7b2]" name="quitDriver" is-config="true" duration-ms="1104" started-at="2022-09-04T01:54:36Z" finished-at="2022-09-04T01:54:37Z">
          <reporter-output>
          </reporter-output>
        </test-method> <!-- quitDriver -->
      </class> <!-- undostres.Unostres -->
    </test> <!-- Default test -->
  </suite> <!-- Default suite -->
</testng-results>
